<?xml version="1.0" encoding="UTF-8"?>
<!-- Generated by org.testng.reporters.JUnitReportReporter -->
<testsuite hostname="DESKTOP-Q1RL3TC" failures="0" tests="6" name="cucumberOptions.TestRunnerFile" time="0.211" errors="0" timestamp="2024-12-30T18:31:17 IST" skipped="0">
  <testcase classname="cucumberOptions.TestRunnerFile" name="runScenario" time="0.016"/>
  <testcase classname="cucumberOptions.TestRunnerFile" name="runScenario" time="0.121"/>
  <testcase classname="cucumberOptions.TestRunnerFile" name="runScenario" time="0.016"/>
  <testcase classname="cucumberOptions.TestRunnerFile" name="runScenario" time="0.027"/>
  <testcase classname="cucumberOptions.TestRunnerFile" name="runScenario" time="0.015"/>
  <testcase classname="cucumberOptions.TestRunnerFile" name="runScenario" time="0.016"/>
</testsuite> <!-- cucumberOptions.TestRunnerFile -->
